<?xml version="1.0" encoding="UTF-8"?>
<beans xmlns="http://www.springframework.org/schema/beans"
	xmlns:xsi="http://www.w3.org/2001/XMLSchema-instance"
	xmlns:util="http://www.springframework.org/schema/util"
	xmlns:mvc="http://www.springframework.org/schema/mvc"
	xmlns:context="http://www.springframework.org/schema/context"
	xmlns:task="http://www.springframework.org/schema/task"
	xsi:schemaLocation="http://www.springframework.org/schema/mvc http://www.springframework.org/schema/mvc/spring-mvc-4.1.xsd
		http://www.springframework.org/schema/task http://www.springframework.org/schema/task/spring-task-4.1.xsd
		http://www.springframework.org/schema/beans http://www.springframework.org/schema/beans/spring-beans.xsd
		http://www.springframework.org/schema/context http://www.springframework.org/schema/context/spring-context-4.1.xsd
		http://www.springframework.org/schema/util http://www.springframework.org/schema/util/spring-util-4.1.xsd">

	<!-- <mvc:annotation-driven /> -->
	<bean id="dateManager" class="org.mockito.Mockito" factory-method="mock">
        <constructor-arg value="pm.eight.util.DateManager" />
    </bean>
    <bean id="sessionFactory" class="org.mockito.Mockito" factory-method="mock">
		<!-- <property name="dataSource" ref="dataSource" />
		<property name="configLocation" value="classpath:hibernate.cfg.xml" /> -->
        <constructor-arg value="org.hibernate.SessionFactory" />
	</bean>
	<bean id="comicRepository" class="org.mockito.Mockito" factory-method="mock">
        <constructor-arg value="pm.eight.repository.ComicRepository" />
    </bean>
	<util:list id="episodeList">
		<value>1</value>
		<value>1</value>
		<value>1</value>
	</util:list>
	<context:component-scan base-package="pm.eight.listManager" />
	
</beans>
